
mom3.elf:     file format elf32-littlearm


Disassembly of section .text:

20000000 <i-0x14>:
@
@	mom3.asm
@
	LDR	R1,=s
20000000:	4906      	ldr	r1, [pc, #24]	; (2000001c <c+0x2>)
	LDRH	R0,=0x3E0
20000002:	4807      	ldr	r0, [pc, #28]	; (20000020 <c+0x6>)
	STRH	R0,[R1]
20000004:	8008      	strh	r0, [r1, #0]
	LDR	R1,=s
20000006:	4905      	ldr	r1, [pc, #20]	; (2000001c <c+0x2>)
	LDR	R2,=c
20000008:	4a06      	ldr	r2, [pc, #24]	; (20000024 <c+0xa>)
	LDRH	R0,[R1]
2000000a:	8808      	ldrh	r0, [r1, #0]
	STRB	R0,[R2]
2000000c:	7010      	strb	r0, [r2, #0]
	LDR	R1,=i
2000000e:	4906      	ldr	r1, [pc, #24]	; (20000028 <c+0xe>)
	LDR	R0,=0x3E00
20000010:	4806      	ldr	r0, [pc, #24]	; (2000002c <c+0x12>)
	STR	R0,[R1]
20000012:	6008      	str	r0, [r1, #0]

20000014 <i>:
20000014:	00000000 	.word	0x00000000

20000018 <s>:
	...

2000001a <c>:
2000001a:	0000      	.short	0x0000
2000001c:	20000018 	.word	0x20000018
20000020:	000003e0 	.word	0x000003e0
20000024:	2000001a 	.word	0x2000001a
20000028:	20000014 	.word	0x20000014
2000002c:	00003e00 	.word	0x00003e00